2024-09-04 12:20:49,113 - AutonomousLoop - INFO - Starting autonomous loop
2024-09-04 12:20:49,114 - AutonomousLoop - DEBUG - Generating new scenario
2024-09-04 12:20:49,114 - AutonomousLoop - DEBUG - Processing scenario
2024-09-04 12:20:49,114 - AutonomousLoop - DEBUG - Applying abstract reasoning
2024-09-04 12:20:49,114 - AutonomousLoop - DEBUG - Generating workflow
2024-09-04 12:20:49,117 - AutonomousLoop - DEBUG - Evaluating outcome
2024-09-04 12:20:49,117 - AutonomousLoop - INFO - Cycle completed. Action: {'type': 'default_action'}, Outcome: {'success': False, 'message': 'Entity not found'}
2024-09-04 12:20:50,103 - AutonomousLoop - DEBUG - Generating new scenario
2024-09-04 12:20:50,103 - AutonomousLoop - DEBUG - Processing scenario
2024-09-04 12:20:50,103 - AutonomousLoop - DEBUG - Applying abstract reasoning
2024-09-04 12:20:50,104 - AutonomousLoop - DEBUG - Generating workflow
2024-09-04 12:20:50,106 - AutonomousLoop - DEBUG - Evaluating outcome
2024-09-04 12:20:50,106 - AutonomousLoop - INFO - Cycle completed. Action: {'type': 'default_action'}, Outcome: {'success': False, 'message': 'Entity not found'}
2024-09-04 12:20:51,118 - AutonomousLoop - DEBUG - Generating new scenario
2024-09-04 12:20:51,118 - AutonomousLoop - DEBUG - Processing scenario
2024-09-04 12:20:51,118 - AutonomousLoop - DEBUG - Applying abstract reasoning
2024-09-04 12:20:51,119 - AutonomousLoop - DEBUG - Generating workflow
2024-09-04 12:20:51,120 - AutonomousLoop - DEBUG - Evaluating outcome
2024-09-04 12:20:51,120 - AutonomousLoop - INFO - Cycle completed. Action: {'type': 'default_action'}, Outcome: {'success': False, 'message': 'Entity not found'}
2024-09-04 12:20:52,133 - AutonomousLoop - DEBUG - Generating new scenario
2024-09-04 12:20:52,133 - AutonomousLoop - DEBUG - Processing scenario
2024-09-04 12:20:52,133 - AutonomousLoop - DEBUG - Applying abstract reasoning
2024-09-04 12:20:52,133 - AutonomousLoop - DEBUG - Generating workflow
2024-09-04 12:20:52,135 - AutonomousLoop - DEBUG - Evaluating outcome
2024-09-04 12:20:52,135 - AutonomousLoop - INFO - Cycle completed. Action: {'type': 'default_action'}, Outcome: {'success': False, 'message': 'Entity not found'}
2024-09-04 12:20:53,148 - AutonomousLoop - DEBUG - Generating new scenario
2024-09-04 12:20:53,148 - AutonomousLoop - DEBUG - Processing scenario
2024-09-04 12:20:53,148 - AutonomousLoop - DEBUG - Applying abstract reasoning
2024-09-04 12:20:53,149 - AutonomousLoop - DEBUG - Generating workflow
2024-09-04 12:20:53,150 - AutonomousLoop - DEBUG - Evaluating outcome
2024-09-04 12:20:53,150 - AutonomousLoop - INFO - Cycle completed. Action: {'type': 'default_action'}, Outcome: {'success': False, 'message': 'Entity not found'}
2024-09-04 12:20:54,168 - AutonomousLoop - DEBUG - Generating new scenario
2024-09-04 12:20:54,168 - AutonomousLoop - DEBUG - Processing scenario
2024-09-04 12:20:54,168 - AutonomousLoop - DEBUG - Applying abstract reasoning
2024-09-04 12:20:54,169 - AutonomousLoop - DEBUG - Generating workflow
2024-09-04 12:20:54,170 - AutonomousLoop - DEBUG - Evaluating outcome
2024-09-04 12:20:54,170 - AutonomousLoop - INFO - Cycle completed. Action: {'type': 'default_action'}, Outcome: {'success': False, 'message': 'Entity not found'}
2024-09-04 12:20:55,184 - AutonomousLoop - DEBUG - Generating new scenario
2024-09-04 12:20:55,184 - AutonomousLoop - DEBUG - Processing scenario
2024-09-04 12:20:55,184 - AutonomousLoop - DEBUG - Applying abstract reasoning
2024-09-04 12:20:55,185 - AutonomousLoop - DEBUG - Generating workflow
2024-09-04 12:20:55,187 - AutonomousLoop - DEBUG - Evaluating outcome
2024-09-04 12:20:55,187 - AutonomousLoop - INFO - Cycle completed. Action: {'type': 'default_action'}, Outcome: {'success': False, 'message': 'Entity not found'}
2024-09-04 12:20:56,184 - AutonomousLoop - DEBUG - Generating new scenario
2024-09-04 12:20:56,184 - AutonomousLoop - DEBUG - Processing scenario
2024-09-04 12:20:56,184 - AutonomousLoop - DEBUG - Applying abstract reasoning
2024-09-04 12:20:56,185 - AutonomousLoop - DEBUG - Generating workflow
2024-09-04 12:20:56,186 - AutonomousLoop - DEBUG - Evaluating outcome
2024-09-04 12:20:56,186 - AutonomousLoop - INFO - Cycle completed. Action: {'type': 'default_action'}, Outcome: {'success': False, 'message': 'Entity not found'}
2024-09-04 12:20:57,190 - AutonomousLoop - DEBUG - Generating new scenario
2024-09-04 12:20:57,190 - AutonomousLoop - DEBUG - Processing scenario
2024-09-04 12:20:57,190 - AutonomousLoop - DEBUG - Applying abstract reasoning
2024-09-04 12:20:57,191 - AutonomousLoop - DEBUG - Generating workflow
2024-09-04 12:20:57,192 - AutonomousLoop - DEBUG - Evaluating outcome
2024-09-04 12:20:57,192 - AutonomousLoop - INFO - Cycle completed. Action: {'type': 'default_action'}, Outcome: {'success': False, 'message': 'Entity not found'}
2024-09-04 12:20:58,179 - AutonomousLoop - DEBUG - Generating new scenario
2024-09-04 12:20:58,179 - AutonomousLoop - DEBUG - Processing scenario
2024-09-04 12:20:58,179 - AutonomousLoop - DEBUG - Applying abstract reasoning
2024-09-04 12:20:58,180 - AutonomousLoop - DEBUG - Generating workflow
2024-09-04 12:20:58,181 - AutonomousLoop - DEBUG - Evaluating outcome
2024-09-04 12:20:58,181 - AutonomousLoop - INFO - Cycle completed. Action: {'type': 'default_action'}, Outcome: {'success': False, 'message': 'Entity not found'}
2024-09-04 12:20:59,198 - AutonomousLoop - DEBUG - Generating new scenario
2024-09-04 12:20:59,198 - AutonomousLoop - DEBUG - Processing scenario
2024-09-04 12:20:59,198 - AutonomousLoop - DEBUG - Applying abstract reasoning
2024-09-04 12:20:59,199 - AutonomousLoop - DEBUG - Generating workflow
2024-09-04 12:20:59,200 - AutonomousLoop - DEBUG - Evaluating outcome
2024-09-04 12:20:59,200 - AutonomousLoop - INFO - Cycle completed. Action: {'type': 'default_action'}, Outcome: {'success': False, 'message': 'Entity not found'}
2024-09-04 12:21:00,201 - AutonomousLoop - DEBUG - Generating new scenario
2024-09-04 12:21:00,201 - AutonomousLoop - DEBUG - Processing scenario
2024-09-04 12:21:00,201 - AutonomousLoop - DEBUG - Applying abstract reasoning
2024-09-04 12:21:00,202 - AutonomousLoop - DEBUG - Generating workflow
2024-09-04 12:21:00,203 - AutonomousLoop - DEBUG - Evaluating outcome
2024-09-04 12:21:00,203 - AutonomousLoop - INFO - Cycle completed. Action: {'type': 'default_action'}, Outcome: {'success': False, 'message': 'Entity not found'}
2024-09-04 12:21:01,204 - AutonomousLoop - DEBUG - Generating new scenario
2024-09-04 12:21:01,204 - AutonomousLoop - DEBUG - Processing scenario
2024-09-04 12:21:01,204 - AutonomousLoop - DEBUG - Applying abstract reasoning
2024-09-04 12:21:01,205 - AutonomousLoop - DEBUG - Generating workflow
2024-09-04 12:21:01,206 - AutonomousLoop - DEBUG - Evaluating outcome
2024-09-04 12:21:01,206 - AutonomousLoop - INFO - Cycle completed. Action: {'type': 'default_action'}, Outcome: {'success': False, 'message': 'Entity not found'}
2024-09-04 12:21:02,222 - AutonomousLoop - DEBUG - Generating new scenario
2024-09-04 12:21:02,222 - AutonomousLoop - DEBUG - Processing scenario
2024-09-04 12:21:02,222 - AutonomousLoop - DEBUG - Applying abstract reasoning
2024-09-04 12:21:02,224 - AutonomousLoop - DEBUG - Generating workflow
2024-09-04 12:21:02,225 - AutonomousLoop - DEBUG - Evaluating outcome
2024-09-04 12:21:02,225 - AutonomousLoop - INFO - Cycle completed. Action: {'type': 'default_action'}, Outcome: {'success': False, 'message': 'Entity not found'}
2024-09-04 12:21:03,228 - AutonomousLoop - DEBUG - Generating new scenario
2024-09-04 12:21:03,228 - AutonomousLoop - DEBUG - Processing scenario
2024-09-04 12:21:03,228 - AutonomousLoop - DEBUG - Applying abstract reasoning
2024-09-04 12:21:03,228 - AutonomousLoop - DEBUG - Generating workflow
2024-09-04 12:21:03,230 - AutonomousLoop - DEBUG - Evaluating outcome
2024-09-04 12:21:03,230 - AutonomousLoop - INFO - Cycle completed. Action: {'type': 'default_action'}, Outcome: {'success': False, 'message': 'Entity not found'}
2024-09-04 12:21:04,246 - AutonomousLoop - DEBUG - Generating new scenario
2024-09-04 12:21:04,247 - AutonomousLoop - DEBUG - Processing scenario
2024-09-04 12:21:04,247 - AutonomousLoop - DEBUG - Applying abstract reasoning
2024-09-04 12:21:04,247 - AutonomousLoop - DEBUG - Generating workflow
2024-09-04 12:21:04,248 - AutonomousLoop - DEBUG - Evaluating outcome
2024-09-04 12:21:04,248 - AutonomousLoop - INFO - Cycle completed. Action: {'type': 'default_action'}, Outcome: {'success': False, 'message': 'Entity not found'}
2024-09-04 12:21:05,263 - AutonomousLoop - DEBUG - Generating new scenario
2024-09-04 12:21:05,263 - AutonomousLoop - DEBUG - Processing scenario
2024-09-04 12:21:05,263 - AutonomousLoop - DEBUG - Applying abstract reasoning
2024-09-04 12:21:05,264 - AutonomousLoop - DEBUG - Generating workflow
2024-09-04 12:21:05,265 - AutonomousLoop - DEBUG - Evaluating outcome
2024-09-04 12:21:05,266 - AutonomousLoop - INFO - Cycle completed. Action: {'type': 'default_action'}, Outcome: {'success': False, 'message': 'Entity not found'}
2024-09-04 12:21:06,279 - AutonomousLoop - DEBUG - Generating new scenario
2024-09-04 12:21:06,279 - AutonomousLoop - DEBUG - Processing scenario
2024-09-04 12:21:06,279 - AutonomousLoop - DEBUG - Applying abstract reasoning
2024-09-04 12:21:06,280 - AutonomousLoop - DEBUG - Generating workflow
2024-09-04 12:21:06,281 - AutonomousLoop - DEBUG - Evaluating outcome
2024-09-04 12:21:06,281 - AutonomousLoop - INFO - Cycle completed. Action: {'type': 'default_action'}, Outcome: {'success': False, 'message': 'Entity not found'}
2024-09-04 12:21:07,298 - AutonomousLoop - DEBUG - Generating new scenario
2024-09-04 12:21:07,298 - AutonomousLoop - DEBUG - Processing scenario
2024-09-04 12:21:07,298 - AutonomousLoop - DEBUG - Applying abstract reasoning
2024-09-04 12:21:07,299 - AutonomousLoop - DEBUG - Generating workflow
2024-09-04 12:21:07,300 - AutonomousLoop - DEBUG - Evaluating outcome
2024-09-04 12:21:07,300 - AutonomousLoop - INFO - Cycle completed. Action: {'type': 'default_action'}, Outcome: {'success': False, 'message': 'Entity not found'}
