2024-09-04 12:28:09,157 - AutonomousLoop - INFO - Starting autonomous loop
2024-09-04 12:28:09,158 - AutonomousLoop - DEBUG - Generating new scenario
2024-09-04 12:28:09,160 - AutonomousLoop - DEBUG - Processing scenario
2024-09-04 12:28:09,160 - AutonomousLoop - DEBUG - Applying abstract reasoning
2024-09-04 12:28:09,160 - AutonomousLoop - DEBUG - Generating workflow
2024-09-04 12:28:09,162 - AutonomousLoop - DEBUG - Evaluating outcome
2024-09-04 12:28:09,162 - AutonomousLoop - INFO - Cycle completed. Action: {'type': 'default_action'}, Outcome: {'success': False, 'message': 'Entity not found'}
2024-09-04 12:28:10,168 - AutonomousLoop - DEBUG - Generating new scenario
2024-09-04 12:28:10,169 - AutonomousLoop - DEBUG - Processing scenario
2024-09-04 12:28:10,170 - AutonomousLoop - DEBUG - Applying abstract reasoning
2024-09-04 12:28:10,170 - AutonomousLoop - DEBUG - Generating workflow
2024-09-04 12:28:10,172 - AutonomousLoop - DEBUG - Evaluating outcome
2024-09-04 12:28:10,172 - AutonomousLoop - INFO - Cycle completed. Action: {'type': 'default_action'}, Outcome: {'success': False, 'message': 'Entity not found'}
2024-09-04 12:28:11,185 - AutonomousLoop - DEBUG - Generating new scenario
2024-09-04 12:28:11,186 - AutonomousLoop - DEBUG - Processing scenario
2024-09-04 12:28:11,186 - AutonomousLoop - DEBUG - Applying abstract reasoning
2024-09-04 12:28:11,186 - AutonomousLoop - DEBUG - Generating workflow
2024-09-04 12:28:11,188 - AutonomousLoop - DEBUG - Evaluating outcome
2024-09-04 12:28:11,188 - AutonomousLoop - INFO - Cycle completed. Action: {'type': 'default_action'}, Outcome: {'success': False, 'message': 'Entity not found'}
2024-09-04 12:28:12,200 - AutonomousLoop - DEBUG - Generating new scenario
2024-09-04 12:28:12,201 - AutonomousLoop - DEBUG - Processing scenario
2024-09-04 12:28:12,201 - AutonomousLoop - DEBUG - Applying abstract reasoning
2024-09-04 12:28:12,201 - AutonomousLoop - DEBUG - Generating workflow
2024-09-04 12:28:12,203 - AutonomousLoop - DEBUG - Evaluating outcome
2024-09-04 12:28:12,203 - AutonomousLoop - INFO - Cycle completed. Action: {'type': 'default_action'}, Outcome: {'success': False, 'message': 'Entity not found'}
2024-09-04 12:28:13,199 - AutonomousLoop - DEBUG - Generating new scenario
2024-09-04 12:28:13,201 - AutonomousLoop - DEBUG - Processing scenario
2024-09-04 12:28:13,201 - AutonomousLoop - DEBUG - Applying abstract reasoning
2024-09-04 12:28:13,201 - AutonomousLoop - DEBUG - Generating workflow
2024-09-04 12:28:13,203 - AutonomousLoop - DEBUG - Evaluating outcome
2024-09-04 12:28:13,203 - AutonomousLoop - INFO - Cycle completed. Action: {'type': 'default_action'}, Outcome: {'success': False, 'message': 'Entity not found'}
2024-09-04 12:28:14,199 - AutonomousLoop - DEBUG - Generating new scenario
2024-09-04 12:28:14,203 - AutonomousLoop - DEBUG - Processing scenario
2024-09-04 12:28:14,203 - AutonomousLoop - DEBUG - Applying abstract reasoning
2024-09-04 12:28:14,203 - AutonomousLoop - DEBUG - Generating workflow
2024-09-04 12:28:14,207 - AutonomousLoop - DEBUG - Evaluating outcome
2024-09-04 12:28:14,207 - AutonomousLoop - INFO - Cycle completed. Action: {'type': 'default_action'}, Outcome: {'success': False, 'message': 'Entity not found'}
2024-09-04 12:28:15,214 - AutonomousLoop - DEBUG - Generating new scenario
2024-09-04 12:28:15,217 - AutonomousLoop - DEBUG - Processing scenario
2024-09-04 12:28:15,218 - AutonomousLoop - DEBUG - Applying abstract reasoning
2024-09-04 12:28:15,218 - AutonomousLoop - DEBUG - Generating workflow
2024-09-04 12:28:15,222 - AutonomousLoop - DEBUG - Evaluating outcome
2024-09-04 12:28:15,222 - AutonomousLoop - INFO - Cycle completed. Action: {'type': 'default_action'}, Outcome: {'success': False, 'message': 'Entity not found'}
2024-09-04 12:28:16,244 - AutonomousLoop - DEBUG - Generating new scenario
2024-09-04 12:28:16,246 - AutonomousLoop - DEBUG - Processing scenario
2024-09-04 12:28:16,246 - AutonomousLoop - DEBUG - Applying abstract reasoning
2024-09-04 12:28:16,246 - AutonomousLoop - DEBUG - Generating workflow
2024-09-04 12:28:16,248 - AutonomousLoop - DEBUG - Evaluating outcome
2024-09-04 12:28:16,248 - AutonomousLoop - INFO - Cycle completed. Action: {'type': 'default_action'}, Outcome: {'success': False, 'message': 'Entity not found'}
2024-09-04 12:28:17,265 - AutonomousLoop - DEBUG - Generating new scenario
2024-09-04 12:28:17,267 - AutonomousLoop - DEBUG - Processing scenario
2024-09-04 12:28:17,267 - AutonomousLoop - DEBUG - Applying abstract reasoning
2024-09-04 12:28:17,268 - AutonomousLoop - DEBUG - Generating workflow
2024-09-04 12:28:17,269 - AutonomousLoop - DEBUG - Evaluating outcome
2024-09-04 12:28:17,270 - AutonomousLoop - INFO - Cycle completed. Action: {'type': 'default_action'}, Outcome: {'success': False, 'message': 'Entity not found'}
2024-09-04 12:28:18,268 - AutonomousLoop - DEBUG - Generating new scenario
2024-09-04 12:28:18,269 - AutonomousLoop - DEBUG - Processing scenario
2024-09-04 12:28:18,269 - AutonomousLoop - DEBUG - Applying abstract reasoning
2024-09-04 12:28:18,269 - AutonomousLoop - DEBUG - Generating workflow
2024-09-04 12:28:18,271 - AutonomousLoop - DEBUG - Evaluating outcome
2024-09-04 12:28:18,271 - AutonomousLoop - INFO - Cycle completed. Action: {'type': 'default_action'}, Outcome: {'success': False, 'message': 'Entity not found'}
