2024-09-04 12:56:44,919 - AutonomousLoop - INFO - Starting autonomous loop
2024-09-04 12:56:44,920 - AutonomousLoop - DEBUG - Generating new scenario
2024-09-04 12:56:47,298 - AutonomousLoop - DEBUG - Processing scenario
2024-09-04 12:56:47,298 - AutonomousLoop - DEBUG - Applying abstract reasoning
2024-09-04 12:56:47,832 - AutonomousLoop - DEBUG - Reasoning result: {}
2024-09-04 12:56:47,832 - AutonomousLoop - DEBUG - Generating workflow
2024-09-04 12:56:48,115 - AutonomousLoop - DEBUG - Evaluating outcome
2024-09-04 12:56:48,115 - AutonomousLoop - INFO - Cycle completed. Action: {'type': 'default_action'}, Outcome: {'success': False, 'message': 'Entity not found'}
2024-09-04 12:56:49,129 - AutonomousLoop - DEBUG - Generating new scenario
2024-09-04 12:56:50,930 - AutonomousLoop - DEBUG - Processing scenario
2024-09-04 12:56:50,930 - AutonomousLoop - DEBUG - Applying abstract reasoning
2024-09-04 12:56:51,448 - AutonomousLoop - DEBUG - Reasoning result: {}
2024-09-04 12:56:51,448 - AutonomousLoop - DEBUG - Generating workflow
2024-09-04 12:56:51,711 - AutonomousLoop - DEBUG - Evaluating outcome
2024-09-04 12:56:51,711 - AutonomousLoop - INFO - Cycle completed. Action: {'type': 'default_action'}, Outcome: {'success': False, 'message': 'Entity not found'}
2024-09-04 12:56:52,710 - AutonomousLoop - DEBUG - Generating new scenario
2024-09-04 12:56:53,740 - AutonomousLoop - DEBUG - Processing scenario
2024-09-04 12:56:53,740 - AutonomousLoop - DEBUG - Applying abstract reasoning
2024-09-04 12:56:54,260 - AutonomousLoop - DEBUG - Reasoning result: {}
2024-09-04 12:56:54,260 - AutonomousLoop - DEBUG - Generating workflow
2024-09-04 12:56:54,510 - AutonomousLoop - DEBUG - Evaluating outcome
2024-09-04 12:56:54,510 - AutonomousLoop - INFO - Cycle completed. Action: {'type': 'default_action'}, Outcome: {'success': False, 'message': 'Entity not found'}
2024-09-04 12:56:55,520 - AutonomousLoop - DEBUG - Generating new scenario
2024-09-04 12:56:56,806 - AutonomousLoop - DEBUG - Processing scenario
2024-09-04 12:56:56,806 - AutonomousLoop - DEBUG - Applying abstract reasoning
2024-09-04 12:56:57,323 - AutonomousLoop - DEBUG - Reasoning result: {}
2024-09-04 12:56:57,323 - AutonomousLoop - DEBUG - Generating workflow
2024-09-04 12:56:57,573 - AutonomousLoop - DEBUG - Evaluating outcome
2024-09-04 12:56:57,573 - AutonomousLoop - INFO - Cycle completed. Action: {'type': 'default_action'}, Outcome: {'success': False, 'message': 'Entity not found'}
2024-09-04 12:56:58,562 - AutonomousLoop - DEBUG - Generating new scenario
2024-09-04 12:56:59,869 - AutonomousLoop - DEBUG - Processing scenario
2024-09-04 12:56:59,869 - AutonomousLoop - DEBUG - Applying abstract reasoning
2024-09-04 12:57:00,370 - AutonomousLoop - DEBUG - Reasoning result: {}
2024-09-04 12:57:00,371 - AutonomousLoop - DEBUG - Generating workflow
2024-09-04 12:57:00,622 - AutonomousLoop - DEBUG - Evaluating outcome
2024-09-04 12:57:00,623 - AutonomousLoop - INFO - Cycle completed. Action: {'type': 'default_action'}, Outcome: {'success': False, 'message': 'Entity not found'}
2024-09-04 12:57:01,631 - AutonomousLoop - DEBUG - Generating new scenario
2024-09-04 12:57:02,917 - AutonomousLoop - DEBUG - Processing scenario
2024-09-04 12:57:02,917 - AutonomousLoop - DEBUG - Applying abstract reasoning
2024-09-04 12:57:03,437 - AutonomousLoop - DEBUG - Reasoning result: {}
2024-09-04 12:57:03,437 - AutonomousLoop - DEBUG - Generating workflow
2024-09-04 12:57:03,689 - AutonomousLoop - DEBUG - Evaluating outcome
2024-09-04 12:57:03,690 - AutonomousLoop - INFO - Cycle completed. Action: {'type': 'default_action'}, Outcome: {'success': False, 'message': 'Entity not found'}
2024-09-04 12:57:04,705 - AutonomousLoop - DEBUG - Generating new scenario
2024-09-04 12:57:05,992 - AutonomousLoop - DEBUG - Processing scenario
2024-09-04 12:57:05,992 - AutonomousLoop - DEBUG - Applying abstract reasoning
2024-09-04 12:57:06,493 - AutonomousLoop - DEBUG - Reasoning result: {}
2024-09-04 12:57:06,493 - AutonomousLoop - DEBUG - Generating workflow
2024-09-04 12:57:06,758 - AutonomousLoop - DEBUG - Evaluating outcome
2024-09-04 12:57:06,758 - AutonomousLoop - INFO - Cycle completed. Action: {'type': 'default_action'}, Outcome: {'success': False, 'message': 'Entity not found'}
2024-09-04 12:57:07,771 - AutonomousLoop - DEBUG - Generating new scenario
2024-09-04 12:57:09,561 - AutonomousLoop - DEBUG - Processing scenario
2024-09-04 12:57:09,561 - AutonomousLoop - DEBUG - Applying abstract reasoning
2024-09-04 12:57:10,077 - AutonomousLoop - DEBUG - Reasoning result: {}
2024-09-04 12:57:10,078 - AutonomousLoop - DEBUG - Generating workflow
2024-09-04 12:57:10,330 - AutonomousLoop - DEBUG - Evaluating outcome
2024-09-04 12:57:10,330 - AutonomousLoop - INFO - Cycle completed. Action: {'type': 'default_action'}, Outcome: {'success': False, 'message': 'Entity not found'}
2024-09-04 12:57:11,332 - AutonomousLoop - DEBUG - Generating new scenario
2024-09-04 12:57:12,368 - AutonomousLoop - DEBUG - Processing scenario
2024-09-04 12:57:12,368 - AutonomousLoop - DEBUG - Applying abstract reasoning
2024-09-04 12:57:12,886 - AutonomousLoop - DEBUG - Reasoning result: {}
2024-09-04 12:57:12,887 - AutonomousLoop - DEBUG - Generating workflow
2024-09-04 12:57:13,136 - AutonomousLoop - DEBUG - Evaluating outcome
2024-09-04 12:57:13,136 - AutonomousLoop - INFO - Cycle completed. Action: {'type': 'default_action'}, Outcome: {'success': False, 'message': 'Entity not found'}
2024-09-04 12:57:14,152 - AutonomousLoop - DEBUG - Generating new scenario
2024-09-04 12:57:16,452 - AutonomousLoop - DEBUG - Processing scenario
2024-09-04 12:57:16,452 - AutonomousLoop - DEBUG - Applying abstract reasoning
2024-09-04 12:57:16,953 - AutonomousLoop - DEBUG - Reasoning result: {}
2024-09-04 12:57:16,954 - AutonomousLoop - DEBUG - Generating workflow
2024-09-04 12:57:17,204 - AutonomousLoop - DEBUG - Evaluating outcome
2024-09-04 12:57:17,205 - AutonomousLoop - INFO - Cycle completed. Action: {'type': 'default_action'}, Outcome: {'success': False, 'message': 'Entity not found'}
2024-09-04 12:57:18,229 - AutonomousLoop - DEBUG - Generating new scenario
2024-09-04 12:57:20,577 - AutonomousLoop - DEBUG - Processing scenario
2024-09-04 12:57:20,577 - AutonomousLoop - DEBUG - Applying abstract reasoning
2024-09-04 12:57:21,077 - AutonomousLoop - DEBUG - Reasoning result: {}
2024-09-04 12:57:21,078 - AutonomousLoop - DEBUG - Generating workflow
2024-09-04 12:57:21,327 - AutonomousLoop - DEBUG - Evaluating outcome
2024-09-04 12:57:21,328 - AutonomousLoop - INFO - Cycle completed. Action: {'type': 'default_action'}, Outcome: {'success': False, 'message': 'Entity not found'}
2024-09-04 12:57:22,310 - AutonomousLoop - DEBUG - Generating new scenario
2024-09-04 12:57:24,628 - AutonomousLoop - DEBUG - Processing scenario
2024-09-04 12:57:24,628 - AutonomousLoop - DEBUG - Applying abstract reasoning
2024-09-04 12:57:25,189 - AutonomousLoop - DEBUG - Reasoning result: {}
2024-09-04 12:57:25,189 - AutonomousLoop - DEBUG - Generating workflow
2024-09-04 12:57:25,456 - AutonomousLoop - DEBUG - Evaluating outcome
2024-09-04 12:57:25,456 - AutonomousLoop - INFO - Cycle completed. Action: {'type': 'default_action'}, Outcome: {'success': False, 'message': 'Entity not found'}
2024-09-04 12:57:26,485 - AutonomousLoop - DEBUG - Generating new scenario
2024-09-04 12:57:27,580 - AutonomousLoop - DEBUG - Processing scenario
2024-09-04 12:57:27,580 - AutonomousLoop - DEBUG - Applying abstract reasoning
2024-09-04 12:57:28,126 - AutonomousLoop - DEBUG - Reasoning result: {}
2024-09-04 12:57:28,126 - AutonomousLoop - DEBUG - Generating workflow
2024-09-04 12:57:28,372 - AutonomousLoop - DEBUG - Evaluating outcome
2024-09-04 12:57:28,372 - AutonomousLoop - INFO - Cycle completed. Action: {'type': 'default_action'}, Outcome: {'success': False, 'message': 'Entity not found'}
2024-09-04 12:57:29,360 - AutonomousLoop - DEBUG - Generating new scenario
2024-09-04 12:57:31,199 - AutonomousLoop - DEBUG - Processing scenario
2024-09-04 12:57:31,199 - AutonomousLoop - DEBUG - Applying abstract reasoning
2024-09-04 12:57:31,714 - AutonomousLoop - DEBUG - Reasoning result: {}
2024-09-04 12:57:31,714 - AutonomousLoop - DEBUG - Generating workflow
2024-09-04 12:57:31,965 - AutonomousLoop - DEBUG - Evaluating outcome
2024-09-04 12:57:31,966 - AutonomousLoop - INFO - Cycle completed. Action: {'type': 'default_action'}, Outcome: {'success': False, 'message': 'Entity not found'}
2024-09-04 12:57:32,980 - AutonomousLoop - DEBUG - Generating new scenario
2024-09-04 12:57:34,248 - AutonomousLoop - DEBUG - Processing scenario
2024-09-04 12:57:34,248 - AutonomousLoop - DEBUG - Applying abstract reasoning
2024-09-04 12:57:34,748 - AutonomousLoop - DEBUG - Reasoning result: {}
2024-09-04 12:57:34,749 - AutonomousLoop - DEBUG - Generating workflow
2024-09-04 12:57:35,001 - AutonomousLoop - DEBUG - Evaluating outcome
2024-09-04 12:57:35,001 - AutonomousLoop - INFO - Cycle completed. Action: {'type': 'default_action'}, Outcome: {'success': False, 'message': 'Entity not found'}
2024-09-04 12:57:36,012 - AutonomousLoop - DEBUG - Generating new scenario
2024-09-04 12:57:37,831 - AutonomousLoop - DEBUG - Processing scenario
2024-09-04 12:57:37,831 - AutonomousLoop - DEBUG - Applying abstract reasoning
2024-09-04 12:57:38,366 - AutonomousLoop - DEBUG - Reasoning result: {}
2024-09-04 12:57:38,366 - AutonomousLoop - DEBUG - Generating workflow
2024-09-04 12:57:38,616 - AutonomousLoop - DEBUG - Evaluating outcome
2024-09-04 12:57:38,616 - AutonomousLoop - INFO - Cycle completed. Action: {'type': 'default_action'}, Outcome: {'success': False, 'message': 'Entity not found'}
2024-09-04 12:57:39,602 - AutonomousLoop - DEBUG - Generating new scenario
2024-09-04 12:57:40,626 - AutonomousLoop - DEBUG - Processing scenario
2024-09-04 12:57:40,626 - AutonomousLoop - DEBUG - Applying abstract reasoning
2024-09-04 12:57:41,161 - AutonomousLoop - DEBUG - Reasoning result: {}
2024-09-04 12:57:41,161 - AutonomousLoop - DEBUG - Generating workflow
2024-09-04 12:57:41,444 - AutonomousLoop - DEBUG - Evaluating outcome
2024-09-04 12:57:41,444 - AutonomousLoop - INFO - Cycle completed. Action: {'type': 'default_action'}, Outcome: {'success': False, 'message': 'Entity not found'}
2024-09-04 12:57:42,446 - AutonomousLoop - DEBUG - Generating new scenario
2024-09-04 12:57:43,718 - AutonomousLoop - DEBUG - Processing scenario
2024-09-04 12:57:43,718 - AutonomousLoop - DEBUG - Applying abstract reasoning
2024-09-04 12:57:44,251 - AutonomousLoop - DEBUG - Reasoning result: {}
2024-09-04 12:57:44,252 - AutonomousLoop - DEBUG - Generating workflow
2024-09-04 12:57:44,533 - AutonomousLoop - DEBUG - Evaluating outcome
2024-09-04 12:57:44,534 - AutonomousLoop - INFO - Cycle completed. Action: {'type': 'default_action'}, Outcome: {'success': False, 'message': 'Entity not found'}
2024-09-04 12:57:45,547 - AutonomousLoop - DEBUG - Generating new scenario
2024-09-04 12:57:46,852 - AutonomousLoop - DEBUG - Processing scenario
2024-09-04 12:57:46,852 - AutonomousLoop - DEBUG - Applying abstract reasoning
2024-09-04 12:57:47,387 - AutonomousLoop - DEBUG - Reasoning result: {}
2024-09-04 12:57:47,387 - AutonomousLoop - DEBUG - Generating workflow
2024-09-04 12:57:47,640 - AutonomousLoop - DEBUG - Evaluating outcome
2024-09-04 12:57:47,640 - AutonomousLoop - INFO - Cycle completed. Action: {'type': 'default_action'}, Outcome: {'success': False, 'message': 'Entity not found'}
2024-09-04 12:57:48,651 - AutonomousLoop - DEBUG - Generating new scenario
2024-09-04 12:57:50,486 - AutonomousLoop - DEBUG - Processing scenario
2024-09-04 12:57:50,487 - AutonomousLoop - DEBUG - Applying abstract reasoning
2024-09-04 12:57:51,016 - AutonomousLoop - DEBUG - Reasoning result: {}
2024-09-04 12:57:51,017 - AutonomousLoop - DEBUG - Generating workflow
2024-09-04 12:57:51,282 - AutonomousLoop - DEBUG - Evaluating outcome
2024-09-04 12:57:51,282 - AutonomousLoop - INFO - Cycle completed. Action: {'type': 'default_action'}, Outcome: {'success': False, 'message': 'Entity not found'}
2024-09-04 12:57:52,293 - AutonomousLoop - DEBUG - Generating new scenario
2024-09-04 12:57:54,080 - AutonomousLoop - DEBUG - Processing scenario
2024-09-04 12:57:54,080 - AutonomousLoop - DEBUG - Applying abstract reasoning
2024-09-04 12:57:54,623 - AutonomousLoop - DEBUG - Reasoning result: {}
2024-09-04 12:57:54,623 - AutonomousLoop - DEBUG - Generating workflow
2024-09-04 12:57:54,887 - AutonomousLoop - DEBUG - Evaluating outcome
2024-09-04 12:57:54,888 - AutonomousLoop - INFO - Cycle completed. Action: {'type': 'default_action'}, Outcome: {'success': False, 'message': 'Entity not found'}
2024-09-04 12:57:55,904 - AutonomousLoop - DEBUG - Generating new scenario
2024-09-04 12:57:58,205 - AutonomousLoop - DEBUG - Processing scenario
2024-09-04 12:57:58,205 - AutonomousLoop - DEBUG - Applying abstract reasoning
2024-09-04 12:57:58,747 - AutonomousLoop - DEBUG - Reasoning result: {}
2024-09-04 12:57:58,748 - AutonomousLoop - DEBUG - Generating workflow
2024-09-04 12:57:59,012 - AutonomousLoop - DEBUG - Evaluating outcome
2024-09-04 12:57:59,013 - AutonomousLoop - INFO - Cycle completed. Action: {'type': 'default_action'}, Outcome: {'success': False, 'message': 'Entity not found'}
2024-09-04 12:58:00,024 - AutonomousLoop - DEBUG - Generating new scenario
2024-09-04 12:58:02,324 - AutonomousLoop - DEBUG - Processing scenario
2024-09-04 12:58:02,324 - AutonomousLoop - DEBUG - Applying abstract reasoning
2024-09-04 12:58:02,826 - AutonomousLoop - DEBUG - Reasoning result: {}
2024-09-04 12:58:02,826 - AutonomousLoop - DEBUG - Generating workflow
2024-09-04 12:58:03,075 - AutonomousLoop - DEBUG - Evaluating outcome
2024-09-04 12:58:03,075 - AutonomousLoop - INFO - Cycle completed. Action: {'type': 'default_action'}, Outcome: {'success': False, 'message': 'Entity not found'}
2024-09-04 12:58:04,069 - AutonomousLoop - DEBUG - Generating new scenario
2024-09-04 12:58:05,343 - AutonomousLoop - DEBUG - Processing scenario
2024-09-04 12:58:05,343 - AutonomousLoop - DEBUG - Applying abstract reasoning
2024-09-04 12:58:05,860 - AutonomousLoop - DEBUG - Reasoning result: {}
2024-09-04 12:58:05,861 - AutonomousLoop - DEBUG - Generating workflow
2024-09-04 12:58:06,140 - AutonomousLoop - DEBUG - Evaluating outcome
2024-09-04 12:58:06,141 - AutonomousLoop - INFO - Cycle completed. Action: {'type': 'default_action'}, Outcome: {'success': False, 'message': 'Entity not found'}
2024-09-04 12:58:07,151 - AutonomousLoop - DEBUG - Generating new scenario
2024-09-04 12:58:08,434 - AutonomousLoop - DEBUG - Processing scenario
2024-09-04 12:58:08,434 - AutonomousLoop - DEBUG - Applying abstract reasoning
2024-09-04 12:58:08,933 - AutonomousLoop - DEBUG - Reasoning result: {}
2024-09-04 12:58:08,934 - AutonomousLoop - DEBUG - Generating workflow
2024-09-04 12:58:09,184 - AutonomousLoop - DEBUG - Evaluating outcome
2024-09-04 12:58:09,184 - AutonomousLoop - INFO - Cycle completed. Action: {'type': 'default_action'}, Outcome: {'success': False, 'message': 'Entity not found'}
2024-09-04 12:58:10,199 - AutonomousLoop - DEBUG - Generating new scenario
2024-09-04 12:58:11,501 - AutonomousLoop - DEBUG - Processing scenario
2024-09-04 12:58:11,501 - AutonomousLoop - DEBUG - Applying abstract reasoning
2024-09-04 12:58:12,030 - AutonomousLoop - DEBUG - Reasoning result: {}
2024-09-04 12:58:12,031 - AutonomousLoop - DEBUG - Generating workflow
2024-09-04 12:58:12,297 - AutonomousLoop - DEBUG - Evaluating outcome
2024-09-04 12:58:12,298 - AutonomousLoop - INFO - Cycle completed. Action: {'type': 'default_action'}, Outcome: {'success': False, 'message': 'Entity not found'}
2024-09-04 12:58:13,309 - AutonomousLoop - DEBUG - Generating new scenario
2024-09-04 12:58:15,580 - AutonomousLoop - DEBUG - Processing scenario
2024-09-04 12:58:15,580 - AutonomousLoop - DEBUG - Applying abstract reasoning
2024-09-04 12:58:16,125 - AutonomousLoop - DEBUG - Reasoning result: {}
2024-09-04 12:58:16,125 - AutonomousLoop - DEBUG - Generating workflow
2024-09-04 12:58:16,374 - AutonomousLoop - DEBUG - Evaluating outcome
2024-09-04 12:58:16,374 - AutonomousLoop - INFO - Cycle completed. Action: {'type': 'default_action'}, Outcome: {'success': False, 'message': 'Entity not found'}
2024-09-04 12:58:17,355 - AutonomousLoop - DEBUG - Generating new scenario
2024-09-04 12:58:18,652 - AutonomousLoop - DEBUG - Processing scenario
2024-09-04 12:58:18,652 - AutonomousLoop - DEBUG - Applying abstract reasoning
2024-09-04 12:58:19,170 - AutonomousLoop - DEBUG - Reasoning result: {}
2024-09-04 12:58:19,170 - AutonomousLoop - DEBUG - Generating workflow
2024-09-04 12:58:19,419 - AutonomousLoop - DEBUG - Evaluating outcome
2024-09-04 12:58:19,420 - AutonomousLoop - INFO - Cycle completed. Action: {'type': 'default_action'}, Outcome: {'success': False, 'message': 'Entity not found'}
2024-09-04 12:58:20,400 - AutonomousLoop - DEBUG - Generating new scenario
2024-09-04 12:58:22,201 - AutonomousLoop - DEBUG - Processing scenario
2024-09-04 12:58:22,201 - AutonomousLoop - DEBUG - Applying abstract reasoning
2024-09-04 12:58:22,713 - AutonomousLoop - DEBUG - Reasoning result: {}
2024-09-04 12:58:22,714 - AutonomousLoop - DEBUG - Generating workflow
2024-09-04 12:58:22,978 - AutonomousLoop - DEBUG - Evaluating outcome
2024-09-04 12:58:22,979 - AutonomousLoop - INFO - Cycle completed. Action: {'type': 'default_action'}, Outcome: {'success': False, 'message': 'Entity not found'}
