2024-09-04 12:32:04,387 - AutonomousLoop - INFO - Starting autonomous loop
2024-09-04 12:32:04,387 - AutonomousLoop - DEBUG - Generating new scenario
2024-09-04 12:32:04,389 - AutonomousLoop - DEBUG - Processing scenario
2024-09-04 12:32:04,389 - AutonomousLoop - DEBUG - Applying abstract reasoning
2024-09-04 12:32:04,390 - AutonomousLoop - DEBUG - Generating workflow
2024-09-04 12:32:04,392 - AutonomousLoop - DEBUG - Evaluating outcome
2024-09-04 12:32:04,392 - AutonomousLoop - INFO - Cycle completed. Action: {'type': 'default_action'}, Outcome: {'success': False, 'message': 'Entity not found'}
2024-09-04 12:32:05,413 - AutonomousLoop - DEBUG - Generating new scenario
2024-09-04 12:32:05,414 - AutonomousLoop - DEBUG - Processing scenario
2024-09-04 12:32:05,414 - AutonomousLoop - DEBUG - Applying abstract reasoning
2024-09-04 12:32:05,414 - AutonomousLoop - DEBUG - Generating workflow
2024-09-04 12:32:05,416 - AutonomousLoop - DEBUG - Evaluating outcome
2024-09-04 12:32:05,416 - AutonomousLoop - INFO - Cycle completed. Action: {'type': 'default_action'}, Outcome: {'success': False, 'message': 'Entity not found'}
2024-09-04 12:32:06,428 - AutonomousLoop - DEBUG - Generating new scenario
2024-09-04 12:32:06,429 - AutonomousLoop - DEBUG - Processing scenario
2024-09-04 12:32:06,429 - AutonomousLoop - DEBUG - Applying abstract reasoning
2024-09-04 12:32:06,429 - AutonomousLoop - DEBUG - Generating workflow
2024-09-04 12:32:06,431 - AutonomousLoop - DEBUG - Evaluating outcome
2024-09-04 12:32:06,431 - AutonomousLoop - INFO - Cycle completed. Action: {'type': 'default_action'}, Outcome: {'success': False, 'message': 'Entity not found'}
2024-09-04 12:32:07,433 - AutonomousLoop - DEBUG - Generating new scenario
2024-09-04 12:32:07,434 - AutonomousLoop - DEBUG - Processing scenario
2024-09-04 12:32:07,435 - AutonomousLoop - DEBUG - Applying abstract reasoning
2024-09-04 12:32:07,435 - AutonomousLoop - DEBUG - Generating workflow
2024-09-04 12:32:07,436 - AutonomousLoop - DEBUG - Evaluating outcome
2024-09-04 12:32:07,436 - AutonomousLoop - INFO - Cycle completed. Action: {'type': 'default_action'}, Outcome: {'success': False, 'message': 'Entity not found'}
2024-09-04 12:32:08,452 - AutonomousLoop - DEBUG - Generating new scenario
2024-09-04 12:32:08,454 - AutonomousLoop - DEBUG - Processing scenario
2024-09-04 12:32:08,454 - AutonomousLoop - DEBUG - Applying abstract reasoning
2024-09-04 12:32:08,455 - AutonomousLoop - DEBUG - Generating workflow
2024-09-04 12:32:08,457 - AutonomousLoop - DEBUG - Evaluating outcome
2024-09-04 12:32:08,457 - AutonomousLoop - INFO - Cycle completed. Action: {'type': 'default_action'}, Outcome: {'success': False, 'message': 'Entity not found'}
2024-09-04 12:32:09,476 - AutonomousLoop - DEBUG - Generating new scenario
2024-09-04 12:32:09,478 - AutonomousLoop - DEBUG - Processing scenario
2024-09-04 12:32:09,478 - AutonomousLoop - DEBUG - Applying abstract reasoning
2024-09-04 12:32:09,479 - AutonomousLoop - DEBUG - Generating workflow
2024-09-04 12:32:09,480 - AutonomousLoop - DEBUG - Evaluating outcome
2024-09-04 12:32:09,481 - AutonomousLoop - INFO - Cycle completed. Action: {'type': 'default_action'}, Outcome: {'success': False, 'message': 'Entity not found'}
2024-09-04 12:32:10,498 - AutonomousLoop - DEBUG - Generating new scenario
2024-09-04 12:32:10,500 - AutonomousLoop - DEBUG - Processing scenario
2024-09-04 12:32:10,500 - AutonomousLoop - DEBUG - Applying abstract reasoning
2024-09-04 12:32:10,500 - AutonomousLoop - DEBUG - Generating workflow
2024-09-04 12:32:10,502 - AutonomousLoop - DEBUG - Evaluating outcome
2024-09-04 12:32:10,502 - AutonomousLoop - INFO - Cycle completed. Action: {'type': 'default_action'}, Outcome: {'success': False, 'message': 'Entity not found'}
2024-09-04 12:32:11,520 - AutonomousLoop - DEBUG - Generating new scenario
2024-09-04 12:32:11,521 - AutonomousLoop - DEBUG - Processing scenario
2024-09-04 12:32:11,521 - AutonomousLoop - DEBUG - Applying abstract reasoning
2024-09-04 12:32:11,521 - AutonomousLoop - DEBUG - Generating workflow
2024-09-04 12:32:11,522 - AutonomousLoop - DEBUG - Evaluating outcome
2024-09-04 12:32:11,524 - AutonomousLoop - INFO - Cycle completed. Action: {'type': 'default_action'}, Outcome: {'success': False, 'message': 'Entity not found'}
2024-09-04 12:32:12,522 - AutonomousLoop - DEBUG - Generating new scenario
2024-09-04 12:32:12,523 - AutonomousLoop - DEBUG - Processing scenario
2024-09-04 12:32:12,523 - AutonomousLoop - DEBUG - Applying abstract reasoning
2024-09-04 12:32:12,523 - AutonomousLoop - DEBUG - Generating workflow
2024-09-04 12:32:12,525 - AutonomousLoop - DEBUG - Evaluating outcome
2024-09-04 12:32:12,525 - AutonomousLoop - INFO - Cycle completed. Action: {'type': 'default_action'}, Outcome: {'success': False, 'message': 'Entity not found'}
2024-09-04 12:32:13,545 - AutonomousLoop - DEBUG - Generating new scenario
2024-09-04 12:32:13,546 - AutonomousLoop - DEBUG - Processing scenario
2024-09-04 12:32:13,546 - AutonomousLoop - DEBUG - Applying abstract reasoning
2024-09-04 12:32:13,547 - AutonomousLoop - DEBUG - Generating workflow
2024-09-04 12:32:13,548 - AutonomousLoop - DEBUG - Evaluating outcome
2024-09-04 12:32:13,548 - AutonomousLoop - INFO - Cycle completed. Action: {'type': 'default_action'}, Outcome: {'success': False, 'message': 'Entity not found'}
2024-09-04 12:32:14,558 - AutonomousLoop - DEBUG - Generating new scenario
2024-09-04 12:32:14,561 - AutonomousLoop - DEBUG - Processing scenario
2024-09-04 12:32:14,561 - AutonomousLoop - DEBUG - Applying abstract reasoning
2024-09-04 12:32:14,561 - AutonomousLoop - DEBUG - Generating workflow
2024-09-04 12:32:14,563 - AutonomousLoop - DEBUG - Evaluating outcome
2024-09-04 12:32:14,563 - AutonomousLoop - INFO - Cycle completed. Action: {'type': 'default_action'}, Outcome: {'success': False, 'message': 'Entity not found'}
2024-09-04 12:32:15,561 - AutonomousLoop - DEBUG - Generating new scenario
2024-09-04 12:32:15,563 - AutonomousLoop - DEBUG - Processing scenario
2024-09-04 12:32:15,563 - AutonomousLoop - DEBUG - Applying abstract reasoning
2024-09-04 12:32:15,563 - AutonomousLoop - DEBUG - Generating workflow
2024-09-04 12:32:15,564 - AutonomousLoop - DEBUG - Evaluating outcome
2024-09-04 12:32:15,565 - AutonomousLoop - INFO - Cycle completed. Action: {'type': 'default_action'}, Outcome: {'success': False, 'message': 'Entity not found'}
2024-09-04 12:32:16,573 - AutonomousLoop - DEBUG - Generating new scenario
2024-09-04 12:32:16,574 - AutonomousLoop - DEBUG - Processing scenario
2024-09-04 12:32:16,575 - AutonomousLoop - DEBUG - Applying abstract reasoning
2024-09-04 12:32:16,575 - AutonomousLoop - DEBUG - Generating workflow
2024-09-04 12:32:16,576 - AutonomousLoop - DEBUG - Evaluating outcome
2024-09-04 12:32:16,576 - AutonomousLoop - INFO - Cycle completed. Action: {'type': 'default_action'}, Outcome: {'success': False, 'message': 'Entity not found'}
2024-09-04 12:32:17,575 - AutonomousLoop - DEBUG - Generating new scenario
2024-09-04 12:32:17,576 - AutonomousLoop - DEBUG - Processing scenario
2024-09-04 12:32:17,576 - AutonomousLoop - DEBUG - Applying abstract reasoning
2024-09-04 12:32:17,576 - AutonomousLoop - DEBUG - Generating workflow
2024-09-04 12:32:17,578 - AutonomousLoop - DEBUG - Evaluating outcome
2024-09-04 12:32:17,578 - AutonomousLoop - INFO - Cycle completed. Action: {'type': 'default_action'}, Outcome: {'success': False, 'message': 'Entity not found'}
2024-09-04 12:32:18,579 - AutonomousLoop - DEBUG - Generating new scenario
2024-09-04 12:32:18,580 - AutonomousLoop - DEBUG - Processing scenario
2024-09-04 12:32:18,580 - AutonomousLoop - DEBUG - Applying abstract reasoning
2024-09-04 12:32:18,580 - AutonomousLoop - DEBUG - Generating workflow
2024-09-04 12:32:18,582 - AutonomousLoop - DEBUG - Evaluating outcome
2024-09-04 12:32:18,582 - AutonomousLoop - INFO - Cycle completed. Action: {'type': 'default_action'}, Outcome: {'success': False, 'message': 'Entity not found'}
2024-09-04 12:32:19,583 - AutonomousLoop - DEBUG - Generating new scenario
2024-09-04 12:32:19,584 - AutonomousLoop - DEBUG - Processing scenario
2024-09-04 12:32:19,584 - AutonomousLoop - DEBUG - Applying abstract reasoning
2024-09-04 12:32:19,584 - AutonomousLoop - DEBUG - Generating workflow
2024-09-04 12:32:19,586 - AutonomousLoop - DEBUG - Evaluating outcome
2024-09-04 12:32:19,587 - AutonomousLoop - INFO - Cycle completed. Action: {'type': 'default_action'}, Outcome: {'success': False, 'message': 'Entity not found'}
2024-09-04 12:32:20,603 - AutonomousLoop - DEBUG - Generating new scenario
2024-09-04 12:32:20,604 - AutonomousLoop - DEBUG - Processing scenario
2024-09-04 12:32:20,604 - AutonomousLoop - DEBUG - Applying abstract reasoning
2024-09-04 12:32:20,605 - AutonomousLoop - DEBUG - Generating workflow
2024-09-04 12:32:20,606 - AutonomousLoop - DEBUG - Evaluating outcome
2024-09-04 12:32:20,606 - AutonomousLoop - INFO - Cycle completed. Action: {'type': 'default_action'}, Outcome: {'success': False, 'message': 'Entity not found'}
2024-09-04 12:32:21,617 - AutonomousLoop - DEBUG - Generating new scenario
2024-09-04 12:32:21,619 - AutonomousLoop - DEBUG - Processing scenario
2024-09-04 12:32:21,619 - AutonomousLoop - DEBUG - Applying abstract reasoning
2024-09-04 12:32:21,619 - AutonomousLoop - DEBUG - Generating workflow
2024-09-04 12:32:21,621 - AutonomousLoop - DEBUG - Evaluating outcome
2024-09-04 12:32:21,621 - AutonomousLoop - INFO - Cycle completed. Action: {'type': 'default_action'}, Outcome: {'success': False, 'message': 'Entity not found'}
2024-09-04 12:32:22,622 - AutonomousLoop - DEBUG - Generating new scenario
2024-09-04 12:32:22,624 - AutonomousLoop - DEBUG - Processing scenario
2024-09-04 12:32:22,624 - AutonomousLoop - DEBUG - Applying abstract reasoning
2024-09-04 12:32:22,624 - AutonomousLoop - DEBUG - Generating workflow
2024-09-04 12:32:22,626 - AutonomousLoop - DEBUG - Evaluating outcome
2024-09-04 12:32:22,626 - AutonomousLoop - INFO - Cycle completed. Action: {'type': 'default_action'}, Outcome: {'success': False, 'message': 'Entity not found'}
2024-09-04 12:32:23,613 - AutonomousLoop - DEBUG - Generating new scenario
2024-09-04 12:32:23,615 - AutonomousLoop - DEBUG - Processing scenario
2024-09-04 12:32:23,615 - AutonomousLoop - DEBUG - Applying abstract reasoning
2024-09-04 12:32:23,616 - AutonomousLoop - DEBUG - Generating workflow
2024-09-04 12:32:23,617 - AutonomousLoop - DEBUG - Evaluating outcome
2024-09-04 12:32:23,618 - AutonomousLoop - INFO - Cycle completed. Action: {'type': 'default_action'}, Outcome: {'success': False, 'message': 'Entity not found'}
2024-09-04 12:32:24,618 - AutonomousLoop - DEBUG - Generating new scenario
2024-09-04 12:32:24,620 - AutonomousLoop - DEBUG - Processing scenario
2024-09-04 12:32:24,620 - AutonomousLoop - DEBUG - Applying abstract reasoning
2024-09-04 12:32:24,620 - AutonomousLoop - DEBUG - Generating workflow
2024-09-04 12:32:24,621 - AutonomousLoop - DEBUG - Evaluating outcome
2024-09-04 12:32:24,622 - AutonomousLoop - INFO - Cycle completed. Action: {'type': 'default_action'}, Outcome: {'success': False, 'message': 'Entity not found'}
2024-09-04 12:32:25,603 - AutonomousLoop - DEBUG - Generating new scenario
2024-09-04 12:32:25,605 - AutonomousLoop - DEBUG - Processing scenario
2024-09-04 12:32:25,605 - AutonomousLoop - DEBUG - Applying abstract reasoning
2024-09-04 12:32:25,606 - AutonomousLoop - DEBUG - Generating workflow
2024-09-04 12:32:25,607 - AutonomousLoop - DEBUG - Evaluating outcome
2024-09-04 12:32:25,608 - AutonomousLoop - INFO - Cycle completed. Action: {'type': 'default_action'}, Outcome: {'success': False, 'message': 'Entity not found'}
2024-09-04 12:32:26,596 - AutonomousLoop - DEBUG - Generating new scenario
2024-09-04 12:32:26,597 - AutonomousLoop - DEBUG - Processing scenario
2024-09-04 12:32:26,597 - AutonomousLoop - DEBUG - Applying abstract reasoning
2024-09-04 12:32:26,597 - AutonomousLoop - DEBUG - Generating workflow
2024-09-04 12:32:26,599 - AutonomousLoop - DEBUG - Evaluating outcome
2024-09-04 12:32:26,599 - AutonomousLoop - INFO - Cycle completed. Action: {'type': 'default_action'}, Outcome: {'success': False, 'message': 'Entity not found'}
2024-09-04 12:32:27,613 - AutonomousLoop - DEBUG - Generating new scenario
2024-09-04 12:32:27,614 - AutonomousLoop - DEBUG - Processing scenario
2024-09-04 12:32:27,615 - AutonomousLoop - DEBUG - Applying abstract reasoning
2024-09-04 12:32:27,615 - AutonomousLoop - DEBUG - Generating workflow
2024-09-04 12:32:27,616 - AutonomousLoop - DEBUG - Evaluating outcome
2024-09-04 12:32:27,616 - AutonomousLoop - INFO - Cycle completed. Action: {'type': 'default_action'}, Outcome: {'success': False, 'message': 'Entity not found'}
2024-09-04 12:32:28,632 - AutonomousLoop - DEBUG - Generating new scenario
2024-09-04 12:32:28,633 - AutonomousLoop - DEBUG - Processing scenario
2024-09-04 12:32:28,634 - AutonomousLoop - DEBUG - Applying abstract reasoning
2024-09-04 12:32:28,634 - AutonomousLoop - DEBUG - Generating workflow
2024-09-04 12:32:28,636 - AutonomousLoop - DEBUG - Evaluating outcome
2024-09-04 12:32:28,636 - AutonomousLoop - INFO - Cycle completed. Action: {'type': 'default_action'}, Outcome: {'success': False, 'message': 'Entity not found'}
2024-09-04 12:32:29,638 - AutonomousLoop - DEBUG - Generating new scenario
2024-09-04 12:32:29,639 - AutonomousLoop - DEBUG - Processing scenario
2024-09-04 12:32:29,639 - AutonomousLoop - DEBUG - Applying abstract reasoning
2024-09-04 12:32:29,640 - AutonomousLoop - DEBUG - Generating workflow
2024-09-04 12:32:29,641 - AutonomousLoop - DEBUG - Evaluating outcome
2024-09-04 12:32:29,641 - AutonomousLoop - INFO - Cycle completed. Action: {'type': 'default_action'}, Outcome: {'success': False, 'message': 'Entity not found'}
2024-09-04 12:32:30,653 - AutonomousLoop - DEBUG - Generating new scenario
2024-09-04 12:32:30,654 - AutonomousLoop - DEBUG - Processing scenario
2024-09-04 12:32:30,654 - AutonomousLoop - DEBUG - Applying abstract reasoning
2024-09-04 12:32:30,654 - AutonomousLoop - DEBUG - Generating workflow
2024-09-04 12:32:30,656 - AutonomousLoop - DEBUG - Evaluating outcome
2024-09-04 12:32:30,656 - AutonomousLoop - INFO - Cycle completed. Action: {'type': 'default_action'}, Outcome: {'success': False, 'message': 'Entity not found'}
2024-09-04 12:32:31,668 - AutonomousLoop - DEBUG - Generating new scenario
2024-09-04 12:32:31,670 - AutonomousLoop - DEBUG - Processing scenario
2024-09-04 12:32:31,670 - AutonomousLoop - DEBUG - Applying abstract reasoning
2024-09-04 12:32:31,671 - AutonomousLoop - DEBUG - Generating workflow
2024-09-04 12:32:31,672 - AutonomousLoop - DEBUG - Evaluating outcome
2024-09-04 12:32:31,672 - AutonomousLoop - INFO - Cycle completed. Action: {'type': 'default_action'}, Outcome: {'success': False, 'message': 'Entity not found'}
2024-09-04 12:32:32,689 - AutonomousLoop - DEBUG - Generating new scenario
2024-09-04 12:32:32,691 - AutonomousLoop - DEBUG - Processing scenario
2024-09-04 12:32:32,691 - AutonomousLoop - DEBUG - Applying abstract reasoning
2024-09-04 12:32:32,691 - AutonomousLoop - DEBUG - Generating workflow
2024-09-04 12:32:32,693 - AutonomousLoop - DEBUG - Evaluating outcome
2024-09-04 12:32:32,693 - AutonomousLoop - INFO - Cycle completed. Action: {'type': 'default_action'}, Outcome: {'success': False, 'message': 'Entity not found'}
2024-09-04 12:32:33,693 - AutonomousLoop - DEBUG - Generating new scenario
2024-09-04 12:32:33,694 - AutonomousLoop - DEBUG - Processing scenario
2024-09-04 12:32:33,694 - AutonomousLoop - DEBUG - Applying abstract reasoning
2024-09-04 12:32:33,694 - AutonomousLoop - DEBUG - Generating workflow
2024-09-04 12:32:33,696 - AutonomousLoop - DEBUG - Evaluating outcome
2024-09-04 12:32:33,696 - AutonomousLoop - INFO - Cycle completed. Action: {'type': 'default_action'}, Outcome: {'success': False, 'message': 'Entity not found'}
2024-09-04 12:32:34,683 - AutonomousLoop - DEBUG - Generating new scenario
2024-09-04 12:32:34,684 - AutonomousLoop - DEBUG - Processing scenario
2024-09-04 12:32:34,684 - AutonomousLoop - DEBUG - Applying abstract reasoning
2024-09-04 12:32:34,684 - AutonomousLoop - DEBUG - Generating workflow
2024-09-04 12:32:34,686 - AutonomousLoop - DEBUG - Evaluating outcome
2024-09-04 12:32:34,686 - AutonomousLoop - INFO - Cycle completed. Action: {'type': 'default_action'}, Outcome: {'success': False, 'message': 'Entity not found'}
2024-09-04 12:32:35,676 - AutonomousLoop - DEBUG - Generating new scenario
2024-09-04 12:32:35,678 - AutonomousLoop - DEBUG - Processing scenario
2024-09-04 12:32:35,678 - AutonomousLoop - DEBUG - Applying abstract reasoning
2024-09-04 12:32:35,678 - AutonomousLoop - DEBUG - Generating workflow
2024-09-04 12:32:35,680 - AutonomousLoop - DEBUG - Evaluating outcome
2024-09-04 12:32:35,680 - AutonomousLoop - INFO - Cycle completed. Action: {'type': 'default_action'}, Outcome: {'success': False, 'message': 'Entity not found'}
2024-09-04 12:32:36,693 - AutonomousLoop - DEBUG - Generating new scenario
2024-09-04 12:32:36,695 - AutonomousLoop - DEBUG - Processing scenario
2024-09-04 12:32:36,695 - AutonomousLoop - DEBUG - Applying abstract reasoning
2024-09-04 12:32:36,695 - AutonomousLoop - DEBUG - Generating workflow
2024-09-04 12:32:36,697 - AutonomousLoop - DEBUG - Evaluating outcome
2024-09-04 12:32:36,697 - AutonomousLoop - INFO - Cycle completed. Action: {'type': 'default_action'}, Outcome: {'success': False, 'message': 'Entity not found'}
2024-09-04 12:32:37,699 - AutonomousLoop - DEBUG - Generating new scenario
2024-09-04 12:32:37,701 - AutonomousLoop - DEBUG - Processing scenario
2024-09-04 12:32:37,702 - AutonomousLoop - DEBUG - Applying abstract reasoning
2024-09-04 12:32:37,702 - AutonomousLoop - DEBUG - Generating workflow
2024-09-04 12:32:37,704 - AutonomousLoop - DEBUG - Evaluating outcome
2024-09-04 12:32:37,704 - AutonomousLoop - INFO - Cycle completed. Action: {'type': 'default_action'}, Outcome: {'success': False, 'message': 'Entity not found'}
2024-09-04 12:32:38,732 - AutonomousLoop - DEBUG - Generating new scenario
2024-09-04 12:32:38,734 - AutonomousLoop - DEBUG - Processing scenario
2024-09-04 12:32:38,734 - AutonomousLoop - DEBUG - Applying abstract reasoning
2024-09-04 12:32:38,735 - AutonomousLoop - DEBUG - Generating workflow
2024-09-04 12:32:38,736 - AutonomousLoop - DEBUG - Evaluating outcome
2024-09-04 12:32:38,736 - AutonomousLoop - INFO - Cycle completed. Action: {'type': 'default_action'}, Outcome: {'success': False, 'message': 'Entity not found'}
2024-09-04 12:32:39,747 - AutonomousLoop - DEBUG - Generating new scenario
2024-09-04 12:32:39,749 - AutonomousLoop - DEBUG - Processing scenario
2024-09-04 12:32:39,749 - AutonomousLoop - DEBUG - Applying abstract reasoning
2024-09-04 12:32:39,749 - AutonomousLoop - DEBUG - Generating workflow
2024-09-04 12:32:39,751 - AutonomousLoop - DEBUG - Evaluating outcome
2024-09-04 12:32:39,751 - AutonomousLoop - INFO - Cycle completed. Action: {'type': 'default_action'}, Outcome: {'success': False, 'message': 'Entity not found'}
2024-09-04 12:32:40,777 - AutonomousLoop - DEBUG - Generating new scenario
2024-09-04 12:32:40,779 - AutonomousLoop - DEBUG - Processing scenario
2024-09-04 12:32:40,779 - AutonomousLoop - DEBUG - Applying abstract reasoning
2024-09-04 12:32:40,779 - AutonomousLoop - DEBUG - Generating workflow
2024-09-04 12:32:40,781 - AutonomousLoop - DEBUG - Evaluating outcome
2024-09-04 12:32:40,781 - AutonomousLoop - INFO - Cycle completed. Action: {'type': 'default_action'}, Outcome: {'success': False, 'message': 'Entity not found'}
2024-09-04 12:32:41,793 - AutonomousLoop - DEBUG - Generating new scenario
2024-09-04 12:32:41,795 - AutonomousLoop - DEBUG - Processing scenario
2024-09-04 12:32:41,795 - AutonomousLoop - DEBUG - Applying abstract reasoning
2024-09-04 12:32:41,795 - AutonomousLoop - DEBUG - Generating workflow
2024-09-04 12:32:41,797 - AutonomousLoop - DEBUG - Evaluating outcome
2024-09-04 12:32:41,797 - AutonomousLoop - INFO - Cycle completed. Action: {'type': 'default_action'}, Outcome: {'success': False, 'message': 'Entity not found'}
